# JRE version: OpenJDK Runtime Environment Microsoft-8035246 (17.0.8+7) (build 17.0.8+7-LTS)
# Java VM: OpenJDK 64-Bit Server VM Microsoft-8035246 (17.0.8+7-LTS, mixed mode, sharing, tiered, compressed oops, compressed class ptrs, g1 gc, windows-amd64)
GC Precious Log:
 CPUs: 8 total, 8 available
 Memory: 7965M
 Large Page Support: Disabled
 NUMA Support: Disabled
 Compressed Oops: Enabled (32-bit)
 Heap Region Size: 1M
 Heap Min Capacity: 8M
 Heap Initial Capacity: 126M
 Heap Max Capacity: 2G
 Pre-touch: Disabled
 Parallel Workers: 8
 Concurrent Workers: 2
 Concurrent Refinement Workers: 8
 Periodic GC: Disabled
Heap:
 garbage-first heap   total 406528K, used 223388K [0x0000000080000000, 0x0000000100000000)
  region size 1024K, 72 young (73728K), 16 survivors (16384K)
 Metaspace       used 96945K, committed 97920K, reserved 557056K
  class space    used 13384K, committed 13888K, reserved 425984K
GC Heap History (20 events):
Event: 20.366 GC heap before
{Heap before GC invocations=31 (full 0):
 garbage-first heap   total 178176K, used 135933K [0x0000000080000000, 0x0000000100000000)
  region size 1024K, 56 young (57344K), 5 survivors (5120K)
 Metaspace       used 80351K, committed 81152K, reserved 557056K
  class space    used 11229K, committed 11584K, reserved 425984K
}
Event: 20.375 GC heap after
{Heap after GC invocations=32 (full 0):
 garbage-first heap   total 178176K, used 90372K [0x0000000080000000, 0x0000000100000000)
  region size 1024K, 6 young (6144K), 6 survivors (6144K)
 Metaspace       used 80351K, committed 81152K, reserved 557056K
  class space    used 11229K, committed 11584K, reserved 425984K
}
Event: 21.105 GC heap before
{Heap before GC invocations=33 (full 0):
 garbage-first heap   total 178176K, used 150788K [0x0000000080000000, 0x0000000100000000)
  region size 1024K, 56 young (57344K), 6 survivors (6144K)
 Metaspace       used 81923K, committed 82816K, reserved 557056K
  class space    used 11460K, committed 11904K, reserved 425984K
}
Event: 21.114 GC heap after
{Heap after GC invocations=34 (full 0):
 garbage-first heap   total 178176K, used 109671K [0x0000000080000000, 0x0000000100000000)
  region size 1024K, 7 young (7168K), 7 survivors (7168K)
 Metaspace       used 81923K, committed 82816K, reserved 557056K
  class space    used 11460K, committed 11904K, reserved 425984K
}
Event: 21.120 GC heap before
{Heap before GC invocations=34 (full 0):
 garbage-first heap   total 178176K, used 110695K [0x0000000080000000, 0x0000000100000000)
  region size 1024K, 8 young (8192K), 7 survivors (7168K)
 Metaspace       used 81923K, committed 82816K, reserved 557056K
  class space    used 11460K, committed 11904K, reserved 425984K
}
Event: 21.125 GC heap after
{Heap after GC invocations=35 (full 0):
 garbage-first heap   total 178176K, used 110573K [0x0000000080000000, 0x0000000100000000)
  region size 1024K, 1 young (1024K), 1 survivors (1024K)
 Metaspace       used 81923K, committed 82816K, reserved 557056K
  class space    used 11460K, committed 11904K, reserved 425984K
}
Event: 21.132 GC heap before
{Heap before GC invocations=35 (full 0):
 garbage-first heap   total 178176K, used 110573K [0x0000000080000000, 0x0000000100000000)
  region size 1024K, 2 young (2048K), 1 survivors (1024K)
 Metaspace       used 81923K, committed 82816K, reserved 557056K
  class space    used 11460K, committed 11904K, reserved 425984K
}
Event: 21.133 GC heap after
{Heap after GC invocations=36 (full 0):
 garbage-first heap   total 178176K, used 110619K [0x0000000080000000, 0x0000000100000000)
  region size 1024K, 1 young (1024K), 1 survivors (1024K)
 Metaspace       used 81923K, committed 82816K, reserved 557056K
  class space    used 11460K, committed 11904K, reserved 425984K
}
Event: 21.683 GC heap before
{Heap before GC invocations=37 (full 0):
 garbage-first heap   total 201728K, used 141339K [0x0000000080000000, 0x0000000100000000)
  region size 1024K, 29 young (29696K), 1 survivors (1024K)
 Metaspace       used 84125K, committed 85056K, reserved 557056K
  class space    used 11753K, committed 12224K, reserved 425984K
}
Event: 21.688 GC heap after
{Heap after GC invocations=38 (full 0):
 garbage-first heap   total 201728K, used 117023K [0x0000000080000000, 0x0000000100000000)
  region size 1024K, 4 young (4096K), 4 survivors (4096K)
 Metaspace       used 84125K, committed 85056K, reserved 557056K
  class space    used 11753K, committed 12224K, reserved 425984K
}
Event: 21.797 GC heap before
{Heap before GC invocations=38 (full 0):
 garbage-first heap   total 201728K, used 122143K [0x0000000080000000, 0x0000000100000000)
  region size 1024K, 9 young (9216K), 4 survivors (4096K)
 Metaspace       used 84218K, committed 85120K, reserved 557056K
  class space    used 11754K, committed 12224K, reserved 425984K
}
Event: 21.802 GC heap after
{Heap after GC invocations=39 (full 0):
 garbage-first heap   total 201728K, used 118515K [0x0000000080000000, 0x0000000100000000)
  region size 1024K, 2 young (2048K), 2 survivors (2048K)
 Metaspace       used 84218K, committed 85120K, reserved 557056K
  class space    used 11754K, committed 12224K, reserved 425984K
}
Event: 22.236 GC heap before
{Heap before GC invocations=39 (full 0):
 garbage-first heap   total 201728K, used 161523K [0x0000000080000000, 0x0000000100000000)
  region size 1024K, 38 young (38912K), 2 survivors (2048K)
 Metaspace       used 86179K, committed 87104K, reserved 557056K
  class space    used 11994K, committed 12480K, reserved 425984K
}
Event: 22.243 GC heap after
{Heap after GC invocations=40 (full 0):
 garbage-first heap   total 406528K, used 133066K [0x0000000080000000, 0x0000000100000000)
  region size 1024K, 5 young (5120K), 5 survivors (5120K)
 Metaspace       used 86179K, committed 87104K, reserved 557056K
  class space    used 11994K, committed 12480K, reserved 425984K
}
Event: 24.302 GC heap before
{Heap before GC invocations=41 (full 0):
 garbage-first heap   total 406528K, used 264138K [0x0000000080000000, 0x0000000100000000)
  region size 1024K, 131 young (134144K), 5 survivors (5120K)
 Metaspace       used 93483K, committed 94400K, reserved 557056K
  class space    used 12976K, committed 13376K, reserved 425984K
}
Event: 24.320 GC heap after
{Heap after GC invocations=42 (full 0):
 garbage-first heap   total 406528K, used 152682K [0x0000000080000000, 0x0000000100000000)
  region size 1024K, 17 young (17408K), 17 survivors (17408K)
 Metaspace       used 93483K, committed 94400K, reserved 557056K
  class space    used 12976K, committed 13376K, reserved 425984K
}
Event: 24.351 GC heap before
{Heap before GC invocations=42 (full 0):
 garbage-first heap   total 406528K, used 154730K [0x0000000080000000, 0x0000000100000000)
  region size 1024K, 19 young (19456K), 17 survivors (17408K)
 Metaspace       used 93586K, committed 94528K, reserved 557056K
  class space    used 12990K, committed 13440K, reserved 425984K
}
Event: 24.361 GC heap after
{Heap after GC invocations=43 (full 0):
 garbage-first heap   total 406528K, used 154147K [0x0000000080000000, 0x0000000100000000)
  region size 1024K, 2 young (2048K), 2 survivors (2048K)
 Metaspace       used 93586K, committed 94528K, reserved 557056K
  class space    used 12990K, committed 13440K, reserved 425984K
}
Event: 26.147 GC heap before
{Heap before GC invocations=43 (full 0):
 garbage-first heap   total 406528K, used 278051K [0x0000000080000000, 0x0000000100000000)
  region size 1024K, 124 young (126976K), 2 survivors (2048K)
 Metaspace       used 96827K, committed 97792K, reserved 557056K
  class space    used 13381K, committed 13888K, reserved 425984K
}
Event: 26.162 GC heap after
{Heap after GC invocations=44 (full 0):
 garbage-first heap   total 406528K, used 168092K [0x0000000080000000, 0x0000000100000000)
  region size 1024K, 16 young (16384K), 16 survivors (16384K)
 Metaspace       used 96827K, committed 97792K, reserved 557056K
  class space    used 13381K, committed 13888K, reserved 425984K
}

