# JRE version: OpenJDK Runtime Environment Microsoft-8035246 (17.0.8+7) (build 17.0.8+7-LTS)
# Java VM: OpenJDK 64-Bit Server VM Microsoft-8035246 (17.0.8+7-LTS, mixed mode, sharing, tiered, compressed oops, compressed class ptrs, g1 gc, windows-amd64)
GC Precious Log:
 CPUs: 8 total, 8 available
 Memory: 7965M
 Large Page Support: Disabled
 NUMA Support: Disabled
 Compressed Oops: Enabled (32-bit)
 Heap Region Size: 1M
 Heap Min Capacity: 8M
 Heap Initial Capacity: 126M
 Heap Max Capacity: 2G
 Pre-touch: Disabled
 Parallel Workers: 8
 Concurrent Workers: 2
 Concurrent Refinement Workers: 8
 Periodic GC: Disabled
Heap:
 garbage-first heap   total 400384K, used 246967K [0x0000000080000000, 0x0000000100000000)
  region size 1024K, 60 young (61440K), 15 survivors (15360K)
 Metaspace       used 101613K, committed 102656K, reserved 557056K
  class space    used 13821K, committed 14336K, reserved 425984K
GC Heap History (20 events):
Event: 49.540 GC heap before
{Heap before GC invocations=40 (full 0):
 garbage-first heap   total 219136K, used 176936K [0x0000000080000000, 0x0000000100000000)
  region size 1024K, 45 young (46080K), 7 survivors (7168K)
 Metaspace       used 89582K, committed 90560K, reserved 557056K
  class space    used 12454K, committed 12928K, reserved 425984K
}
Event: 49.561 GC heap after
{Heap after GC invocations=41 (full 0):
 garbage-first heap   total 219136K, used 145386K [0x0000000080000000, 0x0000000100000000)
  region size 1024K, 6 young (6144K), 6 survivors (6144K)
 Metaspace       used 89582K, committed 90560K, reserved 557056K
  class space    used 12454K, committed 12928K, reserved 425984K
}
Event: 50.781 GC heap before
{Heap before GC invocations=41 (full 0):
 garbage-first heap   total 219136K, used 179178K [0x0000000080000000, 0x0000000100000000)
  region size 1024K, 39 young (39936K), 6 survivors (6144K)
 Metaspace       used 92765K, committed 93632K, reserved 557056K
  class space    used 12890K, committed 13312K, reserved 425984K
}
Event: 50.798 GC heap after
{Heap after GC invocations=42 (full 0):
 garbage-first heap   total 219136K, used 150307K [0x0000000080000000, 0x0000000100000000)
  region size 1024K, 5 young (5120K), 5 survivors (5120K)
 Metaspace       used 92765K, committed 93632K, reserved 557056K
  class space    used 12890K, committed 13312K, reserved 425984K
}
Event: 51.686 GC heap before
{Heap before GC invocations=42 (full 0):
 garbage-first heap   total 219136K, used 181027K [0x0000000080000000, 0x0000000100000000)
  region size 1024K, 35 young (35840K), 5 survivors (5120K)
 Metaspace       used 93823K, committed 94720K, reserved 557056K
  class space    used 13022K, committed 13440K, reserved 425984K
}
Event: 51.701 GC heap after
{Heap after GC invocations=43 (full 0):
 garbage-first heap   total 219136K, used 154613K [0x0000000080000000, 0x0000000100000000)
  region size 1024K, 5 young (5120K), 5 survivors (5120K)
 Metaspace       used 93823K, committed 94720K, reserved 557056K
  class space    used 13022K, committed 13440K, reserved 425984K
}
Event: 52.346 GC heap before
{Heap before GC invocations=43 (full 0):
 garbage-first heap   total 219136K, used 182261K [0x0000000080000000, 0x0000000100000000)
  region size 1024K, 32 young (32768K), 5 survivors (5120K)
 Metaspace       used 94237K, committed 95104K, reserved 557056K
  class space    used 13062K, committed 13504K, reserved 425984K
}
Event: 52.360 GC heap after
{Heap after GC invocations=44 (full 0):
 garbage-first heap   total 219136K, used 158906K [0x0000000080000000, 0x0000000100000000)
  region size 1024K, 4 young (4096K), 4 survivors (4096K)
 Metaspace       used 94237K, committed 95104K, reserved 557056K
  class space    used 13062K, committed 13504K, reserved 425984K
}
Event: 53.084 GC heap before
{Heap before GC invocations=44 (full 0):
 garbage-first heap   total 219136K, used 182458K [0x0000000080000000, 0x0000000100000000)
  region size 1024K, 28 young (28672K), 4 survivors (4096K)
 Metaspace       used 95737K, committed 96704K, reserved 557056K
  class space    used 13245K, committed 13760K, reserved 425984K
}
Event: 53.098 GC heap after
{Heap after GC invocations=45 (full 0):
 garbage-first heap   total 219136K, used 162443K [0x0000000080000000, 0x0000000100000000)
  region size 1024K, 4 young (4096K), 4 survivors (4096K)
 Metaspace       used 95737K, committed 96704K, reserved 557056K
  class space    used 13245K, committed 13760K, reserved 425984K
}
Event: 53.977 GC heap before
{Heap before GC invocations=45 (full 0):
 garbage-first heap   total 219136K, used 183947K [0x0000000080000000, 0x0000000100000000)
  region size 1024K, 26 young (26624K), 4 survivors (4096K)
 Metaspace       used 96310K, committed 97216K, reserved 557056K
  class space    used 13320K, committed 13760K, reserved 425984K
}
Event: 53.999 GC heap after
{Heap after GC invocations=46 (full 0):
 garbage-first heap   total 400384K, used 164975K [0x0000000080000000, 0x0000000100000000)
  region size 1024K, 3 young (3072K), 3 survivors (3072K)
 Metaspace       used 96310K, committed 97216K, reserved 557056K
  class space    used 13320K, committed 13760K, reserved 425984K
}
Event: 57.181 GC heap before
{Heap before GC invocations=46 (full 0):
 garbage-first heap   total 400384K, used 317551K [0x0000000080000000, 0x0000000100000000)
  region size 1024K, 145 young (148480K), 3 survivors (3072K)
 Metaspace       used 97201K, committed 98176K, reserved 557056K
  class space    used 13404K, committed 13888K, reserved 425984K
}
Event: 57.202 GC heap after
{Heap after GC invocations=47 (full 0):
 garbage-first heap   total 400384K, used 175216K [0x0000000080000000, 0x0000000100000000)
  region size 1024K, 13 young (13312K), 13 survivors (13312K)
 Metaspace       used 97201K, committed 98176K, reserved 557056K
  class space    used 13404K, committed 13888K, reserved 425984K
}
Event: 59.698 GC heap before
{Heap before GC invocations=47 (full 0):
 garbage-first heap   total 400384K, used 326768K [0x0000000080000000, 0x0000000100000000)
  region size 1024K, 146 young (149504K), 13 survivors (13312K)
 Metaspace       used 98227K, committed 99264K, reserved 557056K
  class space    used 13509K, committed 14016K, reserved 425984K
}
Event: 59.754 GC heap after
{Heap after GC invocations=48 (full 0):
 garbage-first heap   total 400384K, used 187788K [0x0000000080000000, 0x0000000100000000)
  region size 1024K, 13 young (13312K), 13 survivors (13312K)
 Metaspace       used 98227K, committed 99264K, reserved 557056K
  class space    used 13509K, committed 14016K, reserved 425984K
}
Event: 62.740 GC heap before
{Heap before GC invocations=48 (full 0):
 garbage-first heap   total 400384K, used 332172K [0x0000000080000000, 0x0000000100000000)
  region size 1024K, 139 young (142336K), 13 survivors (13312K)
 Metaspace       used 100003K, committed 100992K, reserved 557056K
  class space    used 13664K, committed 14144K, reserved 425984K
}
Event: 62.770 GC heap after
{Heap after GC invocations=49 (full 0):
 garbage-first heap   total 400384K, used 196908K [0x0000000080000000, 0x0000000100000000)
  region size 1024K, 10 young (10240K), 10 survivors (10240K)
 Metaspace       used 100003K, committed 100992K, reserved 557056K
  class space    used 13664K, committed 14144K, reserved 425984K
}
Event: 2541.158 GC heap before
{Heap before GC invocations=49 (full 0):
 garbage-first heap   total 400384K, used 321836K [0x0000000080000000, 0x0000000100000000)
  region size 1024K, 133 young (136192K), 10 survivors (10240K)
 Metaspace       used 101294K, committed 102272K, reserved 557056K
  class space    used 13799K, committed 14272K, reserved 425984K
}
Event: 2541.227 GC heap after
{Heap after GC invocations=50 (full 0):
 garbage-first heap   total 400384K, used 201911K [0x0000000080000000, 0x0000000100000000)
  region size 1024K, 15 young (15360K), 15 survivors (15360K)
 Metaspace       used 101294K, committed 102272K, reserved 557056K
  class space    used 13799K, committed 14272K, reserved 425984K
}

